AH00558: httpd.exe: Could not reliably determine the server's fully qualified domain name, using fe80::bc9a:8d54:1048:7c95. Set the 'ServerName' directive globally to suppress this message
[Thu Jun 23 22:53:45.942168 2022] [mpm_winnt:notice] [pid 18628:tid 824] AH00455: Apache/2.4.43 (Win32) mod_fcgid/2.3.9a configured -- resuming normal operations
[Thu Jun 23 22:53:45.944168 2022] [mpm_winnt:notice] [pid 18628:tid 824] AH00456: Server built: Apr 21 2020 13:46:54
[Thu Jun 23 22:53:45.944168 2022] [core:notice] [pid 18628:tid 824] AH00094: Command line: 'C:\\Users\\dougl\\AppData\\Roaming\\Local\\lightning-services\\apache-2.4.43+7\\bin\\win32\\bin\\httpd.exe -d C:/Users/dougl/AppData/Roaming/Local/lightning-services/apache-2.4.43+7/bin/win32 -D FOREGROUND -f C:\\Users\\dougl\\AppData\\Roaming\\Local\\run\\fQjR3zyPS\\conf\\apache\\apache2.conf'
[Thu Jun 23 22:53:45.949170 2022] [mpm_winnt:notice] [pid 18628:tid 824] AH00418: Parent: Created child process 3156
AH00558: httpd.exe: Could not reliably determine the server's fully qualified domain name, using fe80::bc9a:8d54:1048:7c95. Set the 'ServerName' directive globally to suppress this message
AH00558: httpd.exe: Could not reliably determine the server's fully qualified domain name, using fe80::bc9a:8d54:1048:7c95. Set the 'ServerName' directive globally to suppress this message
[Thu Jun 23 22:53:47.213277 2022] [mpm_winnt:notice] [pid 3156:tid 848] AH00354: Child: Starting 64 worker threads.
AH00558: httpd.exe: Could not reliably determine the server's fully qualified domain name, using fe80::bc9a:8d54:1048:7c95. Set the 'ServerName' directive globally to suppress this message
[Fri Jun 24 14:19:57.898091 2022] [core:warn] [pid 5352:tid 784] AH00098: pid file C:/Users/dougl/AppData/Roaming/Local/run/fQjR3zyPS/apache/logs/httpd.pid overwritten -- Unclean shutdown of previous Apache run?
[Fri Jun 24 14:19:57.904093 2022] [mpm_winnt:notice] [pid 5352:tid 784] AH00455: Apache/2.4.43 (Win32) mod_fcgid/2.3.9a configured -- resuming normal operations
[Fri Jun 24 14:19:57.904093 2022] [mpm_winnt:notice] [pid 5352:tid 784] AH00456: Server built: Apr 21 2020 13:46:54
[Fri Jun 24 14:19:57.904093 2022] [core:notice] [pid 5352:tid 784] AH00094: Command line: 'C:\\Users\\dougl\\AppData\\Roaming\\Local\\lightning-services\\apache-2.4.43+7\\bin\\win32\\bin\\httpd.exe -d C:/Users/dougl/AppData/Roaming/Local/lightning-services/apache-2.4.43+7/bin/win32 -D FOREGROUND -f C:\\Users\\dougl\\AppData\\Roaming\\Local\\run\\fQjR3zyPS\\conf\\apache\\apache2.conf'
[Fri Jun 24 14:19:57.921093 2022] [mpm_winnt:notice] [pid 5352:tid 784] AH00418: Parent: Created child process 8984
AH00558: httpd.exe: Could not reliably determine the server's fully qualified domain name, using fe80::bc9a:8d54:1048:7c95. Set the 'ServerName' directive globally to suppress this message
AH00558: httpd.exe: Could not reliably determine the server's fully qualified domain name, using fe80::bc9a:8d54:1048:7c95. Set the 'ServerName' directive globally to suppress this message
[Fri Jun 24 14:19:59.339205 2022] [mpm_winnt:notice] [pid 8984:tid 852] AH00354: Child: Starting 64 worker threads.
[Fri Jun 24 21:32:25.172341 2022] [fcgid:warn] [pid 8984:tid 772] mod_fcgid: cleanup zombie process 8572
[Fri Jun 24 21:32:25.172341 2022] [fcgid:warn] [pid 8984:tid 772] mod_fcgid: cleanup zombie process 13036
AH00558: httpd.exe: Could not reliably determine the server's fully qualified domain name, using fe80::bc9a:8d54:1048:7c95. Set the 'ServerName' directive globally to suppress this message
[Sat Jun 25 13:25:33.434380 2022] [core:warn] [pid 9580:tid 768] AH00098: pid file C:/Users/dougl/AppData/Roaming/Local/run/fQjR3zyPS/apache/logs/httpd.pid overwritten -- Unclean shutdown of previous Apache run?
[Sat Jun 25 13:25:33.437379 2022] [mpm_winnt:notice] [pid 9580:tid 768] AH00455: Apache/2.4.43 (Win32) mod_fcgid/2.3.9a configured -- resuming normal operations
[Sat Jun 25 13:25:33.437379 2022] [mpm_winnt:notice] [pid 9580:tid 768] AH00456: Server built: Apr 21 2020 13:46:54
[Sat Jun 25 13:25:33.437379 2022] [core:notice] [pid 9580:tid 768] AH00094: Command line: 'C:\\Users\\dougl\\AppData\\Roaming\\Local\\lightning-services\\apache-2.4.43+7\\bin\\win32\\bin\\httpd.exe -d C:/Users/dougl/AppData/Roaming/Local/lightning-services/apache-2.4.43+7/bin/win32 -D FOREGROUND -f C:\\Users\\dougl\\AppData\\Roaming\\Local\\run\\fQjR3zyPS\\conf\\apache\\apache2.conf'
[Sat Jun 25 13:25:33.442381 2022] [mpm_winnt:notice] [pid 9580:tid 768] AH00418: Parent: Created child process 540
AH00558: httpd.exe: Could not reliably determine the server's fully qualified domain name, using fe80::bc9a:8d54:1048:7c95. Set the 'ServerName' directive globally to suppress this message
AH00558: httpd.exe: Could not reliably determine the server's fully qualified domain name, using fe80::bc9a:8d54:1048:7c95. Set the 'ServerName' directive globally to suppress this message
[Sat Jun 25 13:25:34.337453 2022] [mpm_winnt:notice] [pid 540:tid 852] AH00354: Child: Starting 64 worker threads.
AH00558: httpd.exe: Could not reliably determine the server's fully qualified domain name, using fe80::bc9a:8d54:1048:7c95. Set the 'ServerName' directive globally to suppress this message
[Sun Jun 26 17:07:17.095939 2022] [core:warn] [pid 13560:tid 788] AH00098: pid file C:/Users/dougl/AppData/Roaming/Local/run/fQjR3zyPS/apache/logs/httpd.pid overwritten -- Unclean shutdown of previous Apache run?
[Sun Jun 26 17:07:17.101942 2022] [mpm_winnt:notice] [pid 13560:tid 788] AH00455: Apache/2.4.43 (Win32) mod_fcgid/2.3.9a configured -- resuming normal operations
[Sun Jun 26 17:07:17.101942 2022] [mpm_winnt:notice] [pid 13560:tid 788] AH00456: Server built: Apr 21 2020 13:46:54
[Sun Jun 26 17:07:17.101942 2022] [core:notice] [pid 13560:tid 788] AH00094: Command line: 'C:\\Users\\dougl\\AppData\\Roaming\\Local\\lightning-services\\apache-2.4.43+7\\bin\\win32\\bin\\httpd.exe -d C:/Users/dougl/AppData/Roaming/Local/lightning-services/apache-2.4.43+7/bin/win32 -D FOREGROUND -f C:\\Users\\dougl\\AppData\\Roaming\\Local\\run\\fQjR3zyPS\\conf\\apache\\apache2.conf'
[Sun Jun 26 17:07:17.107940 2022] [mpm_winnt:notice] [pid 13560:tid 788] AH00418: Parent: Created child process 4008
AH00558: httpd.exe: Could not reliably determine the server's fully qualified domain name, using fe80::bc9a:8d54:1048:7c95. Set the 'ServerName' directive globally to suppress this message
AH00558: httpd.exe: Could not reliably determine the server's fully qualified domain name, using fe80::bc9a:8d54:1048:7c95. Set the 'ServerName' directive globally to suppress this message
[Sun Jun 26 17:07:18.611179 2022] [mpm_winnt:notice] [pid 4008:tid 4] AH00354: Child: Starting 64 worker threads.
